<?xml version="1.0" encoding="UTF-8"?>
<testsuite name="courgette.api.junit.Courgette" tests="1" skipped="0" failures="1" errors="0" timestamp="2020-11-12T21:15:09" hostname="RAVISUG" time="0.002">
  <properties/>
  <testcase name="Is it Friday yet?" classname="courgette.api.junit.Courgette" time="0.002">
    <failure message="courgette.runtime.CourgetteTestFailureException: Please refer to the console or Courgette and Cucumber reports for more info." type="courgette.runtime.CourgetteTestFailureException">courgette.runtime.CourgetteTestFailureException: Please refer to the console or Courgette and Cucumber reports for more info.
</failure>
    <failure message="java.lang.NullPointerException" type="java.lang.NullPointerException">java.lang.NullPointerException
	at courgette.runtime.CourgetteNdJsonCreator.lambda$getFeatureMessages$1(CourgetteNdJsonCreator.java:54)
	at java.util.concurrent.CopyOnWriteArrayList.forEach(CopyOnWriteArrayList.java:895)
	at courgette.runtime.CourgetteNdJsonCreator.getFeatureMessages(CourgetteNdJsonCreator.java:53)
	at courgette.runtime.CourgetteNdJsonCreator.createFeatureMessages(CourgetteNdJsonCreator.java:29)
	at courgette.runtime.CourgetteReporter.getMessages(CourgetteReporter.java:223)
	at courgette.runtime.CourgetteReporter.createReport(CourgetteReporter.java:65)
	at courgette.runtime.CourgetteRunner.lambda$createReport$4(CourgetteRunner.java:161)
	at java.util.ArrayList.forEach(ArrayList.java:1259)
	at courgette.runtime.CourgetteRunner.createReport(CourgetteRunner.java:158)
	at courgette.api.junit.Courgette.run(Courgette.java:53)
	at org.gradle.api.internal.tasks.testing.junit.JUnitTestClassExecutor.runTestClass(JUnitTestClassExecutor.java:110)
	at org.gradle.api.internal.tasks.testing.junit.JUnitTestClassExecutor.execute(JUnitTestClassExecutor.java:58)
	at org.gradle.api.internal.tasks.testing.junit.JUnitTestClassExecutor.execute(JUnitTestClassExecutor.java:38)
	at org.gradle.api.internal.tasks.testing.junit.AbstractJUnitTestClassProcessor.processTestClass(AbstractJUnitTestClassProcessor.java:62)
	at org.gradle.api.internal.tasks.testing.SuiteTestClassProcessor.processTestClass(SuiteTestClassProcessor.java:51)
	at sun.reflect.NativeMethodAccessorImpl.invoke0(Native Method)
	at sun.reflect.NativeMethodAccessorImpl.invoke(NativeMethodAccessorImpl.java:62)
	at sun.reflect.DelegatingMethodAccessorImpl.invoke(DelegatingMethodAccessorImpl.java:43)
	at java.lang.reflect.Method.invoke(Method.java:498)
	at org.gradle.internal.dispatch.ReflectionDispatch.dispatch(ReflectionDispatch.java:36)
	at org.gradle.internal.dispatch.ReflectionDispatch.dispatch(ReflectionDispatch.java:24)
	at org.gradle.internal.dispatch.ContextClassLoaderDispatch.dispatch(ContextClassLoaderDispatch.java:33)
	at org.gradle.internal.dispatch.ProxyDispatchAdapter$DispatchingInvocationHandler.invoke(ProxyDispatchAdapter.java:94)
	at com.sun.proxy.$Proxy2.processTestClass(Unknown Source)
	at org.gradle.api.internal.tasks.testing.worker.TestWorker.processTestClass(TestWorker.java:119)
	at sun.reflect.NativeMethodAccessorImpl.invoke0(Native Method)
	at sun.reflect.NativeMethodAccessorImpl.invoke(NativeMethodAccessorImpl.java:62)
	at sun.reflect.DelegatingMethodAccessorImpl.invoke(DelegatingMethodAccessorImpl.java:43)
	at java.lang.reflect.Method.invoke(Method.java:498)
	at org.gradle.internal.dispatch.ReflectionDispatch.dispatch(ReflectionDispatch.java:36)
	at org.gradle.internal.dispatch.ReflectionDispatch.dispatch(ReflectionDispatch.java:24)
	at org.gradle.internal.remote.internal.hub.MessageHubBackedObjectConnection$DispatchWrapper.dispatch(MessageHubBackedObjectConnection.java:182)
	at org.gradle.internal.remote.internal.hub.MessageHubBackedObjectConnection$DispatchWrapper.dispatch(MessageHubBackedObjectConnection.java:164)
	at org.gradle.internal.remote.internal.hub.MessageHub$Handler.run(MessageHub.java:414)
	at org.gradle.internal.concurrent.ExecutorPolicy$CatchAndRecordFailures.onExecute(ExecutorPolicy.java:64)
	at org.gradle.internal.concurrent.ManagedExecutorImpl$1.run(ManagedExecutorImpl.java:48)
	at java.util.concurrent.ThreadPoolExecutor.runWorker(ThreadPoolExecutor.java:1149)
	at java.util.concurrent.ThreadPoolExecutor$Worker.run(ThreadPoolExecutor.java:624)
	at org.gradle.internal.concurrent.ThreadFactoryImpl$ManagedThreadRunnable.run(ThreadFactoryImpl.java:56)
	at java.lang.Thread.run(Thread.java:748)
</failure>
  </testcase>
  <system-out><![CDATA[]]></system-out>
  <system-err><![CDATA[]]></system-err>
</testsuite>
